\BOOKMARK [1][-]{section*.5}{Abbildungsverzeichnis}{}% 1
\BOOKMARK [1][-]{section*.6}{Tabellenverzeichnis}{}% 2
\BOOKMARK [1][-]{section*.7}{Abk\374rzungsverzeichnis}{}% 3
\BOOKMARK [1][-]{section*.8}{Symbolverzeichnis}{}% 4
\BOOKMARK [1][-]{section.1}{Einleitung}{}% 5
\BOOKMARK [1][-]{section.2}{Umfelderfassung}{}% 6
\BOOKMARK [2][-]{subsection.2.1}{Sensoren zur Umfelderfassung}{section.2}% 7
\BOOKMARK [3][-]{subsubsection.2.1.1}{Ultraschall}{subsection.2.1}% 8
\BOOKMARK [3][-]{subsubsection.2.1.2}{Radar}{subsection.2.1}% 9
\BOOKMARK [3][-]{subsubsection.2.1.3}{Lidar}{subsection.2.1}% 10
\BOOKMARK [3][-]{subsubsection.2.1.4}{Kamera}{subsection.2.1}% 11
\BOOKMARK [2][-]{subsection.2.2}{Datenverarbeitung}{section.2}% 12
\BOOKMARK [3][-]{subsubsection.2.2.1}{Objekterkennung}{subsection.2.2}% 13
\BOOKMARK [3][-]{subsubsection.2.2.2}{Tracking}{subsection.2.2}% 14
\BOOKMARK [3][-]{subsubsection.2.2.3}{Sensordatenfusion}{subsection.2.2}% 15
\BOOKMARK [2][-]{subsection.2.3}{Sensoreinsatz}{section.2}% 16
\BOOKMARK [3][-]{subsubsection.2.3.1}{Im Fahrzeug}{subsection.2.3}% 17
\BOOKMARK [3][-]{subsubsection.2.3.2}{In der Infrastruktur}{subsection.2.3}% 18
\BOOKMARK [1][-]{section.3}{Anforderungen an ein Software-Tool zur Sensorbewertung}{}% 19
\BOOKMARK [1][-]{section.4}{Software-Tool zur Sensorbewertung}{}% 20
\BOOKMARK [2][-]{subsection.4.1}{Programmstruktur/Architektur}{section.4}% 21
\BOOKMARK [2][-]{subsection.4.2}{Implementierung}{section.4}% 22
\BOOKMARK [1][-]{section.5}{Evaluation}{}% 23
\BOOKMARK [1][-]{section.6}{Zusammenfassung und Ausblick}{}% 24
\BOOKMARK [1][-]{section*.9}{Literatur}{}% 25
\BOOKMARK [1][-]{section*.10}{Anhang}{}% 26
