This is pdfTeX, Version 3.14159265-2.6-1.40.19 (MiKTeX 2.9.6840 64-bit) (preloaded format=pdflatex 2018.11.15)  23 JAN 2019 09:20
entering extended mode
**./LaTeX.tex
(LaTeX.tex
LaTeX2e <2018-04-01> patch level 5
(header.tex ("C:\Users\brem_vv\AppData\Local\Programs\MiKTeX 2.9\tex\latex\koma-script\scrartcl.cls"
Document Class: scrartcl 2018/03/30 v3.25 KOMA-Script document class (article)
("C:\Users\brem_vv\AppData\Local\Programs\MiKTeX 2.9\tex\latex\koma-script\scrkbase.sty"
Package: scrkbase 2018/03/30 v3.25 KOMA-Script package (KOMA-Script-dependent basics and keyval usage)

("C:\Users\brem_vv\AppData\Local\Programs\MiKTeX 2.9\tex\latex\koma-script\scrbase.sty"
Package: scrbase 2018/03/30 v3.25 KOMA-Script package (KOMA-Script-independent basics and keyval usage)

("C:\Users\brem_vv\AppData\Local\Programs\MiKTeX 2.9\tex\latex\graphics\keyval.sty"
Package: keyval 2014/10/28 v1.15 key=value parser (DPC)
\KV@toks@=\toks14
)
("C:\Users\brem_vv\AppData\Local\Programs\MiKTeX 2.9\tex\latex\koma-script\scrlfile.sty"
Package: scrlfile 2018/03/30 v3.25 KOMA-Script package (loading files)
)))
("C:\Users\brem_vv\AppData\Local\Programs\MiKTeX 2.9\tex\latex\koma-script\tocbasic.sty"
Package: tocbasic 2018/03/30 v3.25 KOMA-Script package (handling toc-files)
\scr@dte@tocline@numberwidth=\skip41
\scr@dte@tocline@numbox=\box26
)
Package tocbasic Info: omitting babel extension for `toc'
(tocbasic)             because of feature `nobabel' available
(tocbasic)             for `toc' on input line 134.
Class scrartcl Info: You've used standard option `oneside'.
(scrartcl)           This is correct!
(scrartcl)           Internally I'm using `twoside=false'.
(scrartcl)           If you'd like to set the option with \KOMAoptions,
(scrartcl)           you'd have to use `twoside=false' there
(scrartcl)           instead of `oneside', too.
Package scrartcl Info: You've used standard option `12pt'.
(scrartcl)             This is correct!
(scrartcl)             Internally I'm using `fontsize=12pt'.
(scrartcl)             If you'd like to set the option with \KOMAoptions,
(scrartcl)             you'd have to use `fontsize=12pt' there
(scrartcl)             instead of `12pt', too.
Class scrartcl Info: Switching compatibility level to `first'.
Class scrartcl Info: File `scrsize12pt.clo' used to setup font sizes on input line 2114.

("C:\Users\brem_vv\AppData\Local\Programs\MiKTeX 2.9\tex\latex\koma-script\scrsize12pt.clo"
File: scrsize12pt.clo 2018/03/30 v3.25 KOMA-Script font size class option (12pt)
)
("C:\Users\brem_vv\AppData\Local\Programs\MiKTeX 2.9\tex\latex\koma-script\typearea.sty"
Package: typearea 2018/03/30 v3.25 KOMA-Script package (type area)
\ta@bcor=\skip42
\ta@div=\count80
Package typearea Info: You've used standard option `pdftex'.
(typearea)             This is correct!
(typearea)             Internally I'm using `pagesize=pdftex'.
(typearea)             If you'd like to set the option with \KOMAoptions,
(typearea)             you'd have to use `pagesize=pdftex' there
(typearea)             instead of `pdftex', too.
Package typearea Info: You've used standard option `a4paper'.
(typearea)             This is correct!
(typearea)             Internally I'm using `paper=a4'.
(typearea)             If you'd like to set the option with \KOMAoptions,
(typearea)             you'd have to use `paper=a4' there
(typearea)             instead of `a4paper', too.
Package typearea Info: You've used standard option `oneside'.
(typearea)             This is correct!
(typearea)             Internally I'm using `twoside=false'.
(typearea)             If you'd like to set the option with \KOMAoptions,
(typearea)             you'd have to use `twoside=false' there
(typearea)             instead of `oneside', too.
Package typearea Info: Switching compatibility level to `first'.
\ta@hblk=\skip43
\ta@vblk=\skip44
\ta@temp=\skip45
\footheight=\skip46
Package typearea Info: These are the values describing the layout:
(typearea)             DIV  = 12
(typearea)             BCOR = 0.0pt
(typearea)             \paperwidth      = 597.50793pt
(typearea)              \textwidth      = 448.13095pt
(typearea)              DIV departure   = -6%
(typearea)              \evensidemargin = 2.4185pt
(typearea)              \oddsidemargin  = 2.4185pt
(typearea)             \paperheight     = 845.04694pt
(typearea)              \textheight     = 606.5pt
(typearea)              \topmargin      = -1.84941pt
(typearea)              \headheight     = 18.125pt
(typearea)              \headsep        = 21.75pt
(typearea)              \topskip        = 12.0pt
(typearea)              \footskip       = 50.75pt
(typearea)              \baselineskip   = 14.5pt
(typearea)              on input line 1706.
)
\c@part=\count81
\c@section=\count82
\c@subsection=\count83
\c@subsubsection=\count84
\c@paragraph=\count85
\c@subparagraph=\count86
\scr@dte@part@maxnumwidth=\skip47
\scr@dte@section@maxnumwidth=\skip48
\scr@dte@subsection@maxnumwidth=\skip49
\scr@dte@subsubsection@maxnumwidth=\skip50
\scr@dte@paragraph@maxnumwidth=\skip51
\scr@dte@subparagraph@maxnumwidth=\skip52
\abovecaptionskip=\skip53
\belowcaptionskip=\skip54
\c@pti@nb@sid@b@x=\box27
\scr@dte@figure@maxnumwidth=\skip55
Package tocbasic Info: omitting babel extension for `lof'
(tocbasic)             because of feature `nobabel' available
(tocbasic)             for `lof' on input line 5439.
\c@figure=\count87
\scr@dte@table@maxnumwidth=\skip56
Package tocbasic Info: omitting babel extension for `lot'
(tocbasic)             because of feature `nobabel' available
(tocbasic)             for `lot' on input line 5451.
\c@table=\count88
Class scrartcl Info: Using old \@makefntext due to compatibility level
(scrartcl)           less than 3.22 on input line 5602.
Class scrartcl Info: Redefining `\numberline' on input line 5615.
\bibindent=\dimen102
)
("C:\Users\brem_vv\AppData\Local\Programs\MiKTeX 2.9\tex\latex\datenumber\datenumber.sty"
Package: datenumber 2001/08/06v0.02

("C:\Users\brem_vv\AppData\Local\Programs\MiKTeX 2.9\tex\latex\datenumber\datenumberUSenglish.ldf"
File: datenumberUSenglish.ldf 
)
("C:\Users\brem_vv\AppData\Local\Programs\MiKTeX 2.9\tex\latex\datenumber\datenumbergerman.ldf"
File: datenumbergerman.ldf 
)
\c@@dayscnt=\count89
\c@@startyear=\count90
\c@datenumber=\count91
\c@dateyear=\count92
\c@datemonth=\count93
\c@dateday=\count94
\c@datedayname=\count95
\@nom=\count96
\@den=\count97
)
("C:\Users\brem_vv\AppData\Local\Programs\MiKTeX 2.9\tex\latex\geometry\geometry.sty"
Package: geometry 2018/04/16 v5.8 Page Geometry

("C:\Users\brem_vv\AppData\Local\Programs\MiKTeX 2.9\tex\generic\oberdiek\ifpdf.sty"
Package: ifpdf 2018/09/07 v3.3 Provides the ifpdf switch
)
("C:\Users\brem_vv\AppData\Local\Programs\MiKTeX 2.9\tex\generic\oberdiek\ifvtex.sty"
Package: ifvtex 2016/05/16 v1.6 Detect VTeX and its facilities (HO)
Package ifvtex Info: VTeX not detected.
)
("C:\Users\brem_vv\AppData\Local\Programs\MiKTeX 2.9\tex\generic\ifxetex\ifxetex.sty"
Package: ifxetex 2010/09/12 v0.6 Provides ifxetex conditional
)
\Gm@cnth=\count98
\Gm@cntv=\count99
\c@Gm@tempcnt=\count100
\Gm@bindingoffset=\dimen103
\Gm@wd@mp=\dimen104
\Gm@odd@mp=\dimen105
\Gm@even@mp=\dimen106
\Gm@layoutwidth=\dimen107
\Gm@layoutheight=\dimen108
\Gm@layouthoffset=\dimen109
\Gm@layoutvoffset=\dimen110
\Gm@dimlist=\toks15

("C:\Users\brem_vv\AppData\Local\Programs\MiKTeX 2.9\tex\latex\geometry\geometry.cfg"))
("C:\Users\brem_vv\AppData\Local\Programs\MiKTeX 2.9\tex\latex\booktabs\booktabs.sty"
Package: booktabs 2005/04/14 v1.61803 publication quality tables
\heavyrulewidth=\dimen111
\lightrulewidth=\dimen112
\cmidrulewidth=\dimen113
\belowrulesep=\dimen114
\belowbottomsep=\dimen115
\aboverulesep=\dimen116
\abovetopsep=\dimen117
\cmidrulesep=\dimen118
\cmidrulekern=\dimen119
\defaultaddspace=\dimen120
\@cmidla=\count101
\@cmidlb=\count102
\@aboverulesep=\dimen121
\@belowrulesep=\dimen122
\@thisruleclass=\count103
\@lastruleclass=\count104
\@thisrulewidth=\dimen123
)
("C:\Users\brem_vv\AppData\Local\Programs\MiKTeX 2.9\tex\latex\tools\tabularx.sty"
Package: tabularx 2016/02/03 v2.11b `tabularx' package (DPC)

("C:\Users\brem_vv\AppData\Local\Programs\MiKTeX 2.9\tex\latex\tools\array.sty"
Package: array 2018/04/30 v2.4h Tabular extension package (FMi)
\col@sep=\dimen124
\ar@mcellbox=\box28
\extrarowheight=\dimen125
\NC@list=\toks16
\extratabsurround=\skip57
\backup@length=\skip58
\ar@cellbox=\box29
)
\TX@col@width=\dimen126
\TX@old@table=\dimen127
\TX@old@col=\dimen128
\TX@target=\dimen129
\TX@delta=\dimen130
\TX@cols=\count105
\TX@ftn=\toks17
)
("C:\Users\brem_vv\AppData\Local\Programs\MiKTeX 2.9\tex\latex\base\inputenc.sty"
Package: inputenc 2018/04/06 v1.3b Input encoding file
\inpenc@prehook=\toks18
\inpenc@posthook=\toks19

("C:\Users\brem_vv\AppData\Local\Programs\MiKTeX 2.9\tex\latex\base\latin1.def"
File: latin1.def 2018/04/06 v1.3b Input encoding file
))
("C:\Users\brem_vv\AppData\Local\Programs\MiKTeX 2.9\tex\generic\babel\babel.sty"
Package: babel 2018/09/26 3.24 The Babel package

("C:\Users\brem_vv\AppData\Local\Programs\MiKTeX 2.9\tex\generic\babel\switch.def"
File: switch.def 2018/09/26 3.24 Babel switching mechanism
)
*************************************
* Local config file bblopts.cfg used
*
("C:\Users\brem_vv\AppData\Local\Programs\MiKTeX 2.9\tex\latex\arabi\bblopts.cfg"
File: bblopts.cfg 2005/09/08 v0.1 add Arabic and Farsi to "declared" options of babel
)
("C:\Users\brem_vv\AppData\Local\Programs\MiKTeX 2.9\tex\latex\babel-german\ngerman.ldf"
Language: ngerman 2018/03/29 v2.10 German support for babel (post-1996 orthography)

("C:\Users\brem_vv\AppData\Local\Programs\MiKTeX 2.9\tex\latex\babel-german\ngermanb.ldf"
Language: ngermanb 2018/03/29 v2.10 German support for babel (post-1996 orthography)

("C:\Users\brem_vv\AppData\Local\Programs\MiKTeX 2.9\tex\generic\babel\babel.def"
File: babel.def 2018/09/26 3.24 Babel common definitions
\babel@savecnt=\count106
\U@D=\dimen131

("C:\Users\brem_vv\AppData\Local\Programs\MiKTeX 2.9\tex\generic\babel\txtbabel.def")
\bbl@dirlevel=\count107
)
Package babel Info: Making " an active character on input line 121.
)))
("C:\Users\brem_vv\AppData\Local\Programs\MiKTeX 2.9\tex\latex\nowidow\nowidow.sty"
Package: nowidow 2011/09/20 1.0 Easily prevent widows and orphans
Package: nowidow 

("C:\Users\brem_vv\AppData\Local\Programs\MiKTeX 2.9\tex\latex\oberdiek\kvoptions.sty"
Package: kvoptions 2016/05/16 v3.12 Key value format for package options (HO)

("C:\Users\brem_vv\AppData\Local\Programs\MiKTeX 2.9\tex\generic\oberdiek\ltxcmds.sty"
Package: ltxcmds 2016/05/16 v1.23 LaTeX kernel commands for general use (HO)
)
("C:\Users\brem_vv\AppData\Local\Programs\MiKTeX 2.9\tex\generic\oberdiek\kvsetkeys.sty"
Package: kvsetkeys 2016/05/16 v1.17 Key value parser (HO)

("C:\Users\brem_vv\AppData\Local\Programs\MiKTeX 2.9\tex\generic\oberdiek\infwarerr.sty"
Package: infwarerr 2016/05/16 v1.4 Providing info/warning/error messages (HO)
)
("C:\Users\brem_vv\AppData\Local\Programs\MiKTeX 2.9\tex\generic\oberdiek\etexcmds.sty"
Package: etexcmds 2016/05/16 v1.6 Avoid name clashes with e-TeX commands (HO)

("C:\Users\brem_vv\AppData\Local\Programs\MiKTeX 2.9\tex\generic\oberdiek\ifluatex.sty"
Package: ifluatex 2016/05/16 v1.4 Provides the ifluatex switch (HO)
Package ifluatex Info: LuaTeX not detected.
)
Package etexcmds Info: Could not find \expanded.
(etexcmds)             That can mean that you are not using pdfTeX 1.50 or
(etexcmds)             that some package has redefined \expanded.
(etexcmds)             In the latter case, load this package earlier.
))))
("C:\Users\brem_vv\AppData\Local\Programs\MiKTeX 2.9\tex\latex\csquotes\csquotes.sty"
Package: csquotes 2018/04/13 v5.2d context-sensitive quotations (JAW)

("C:\Users\brem_vv\AppData\Local\Programs\MiKTeX 2.9\tex\latex\etoolbox\etoolbox.sty"
Package: etoolbox 2018/08/19 v2.5f e-TeX tools for LaTeX (JAW)
\etb@tempcnta=\count108
)
\csq@reset=\count109
\csq@gtype=\count110
\csq@glevel=\count111
\csq@qlevel=\count112
\csq@maxlvl=\count113
\csq@tshold=\count114
\csq@ltx@everypar=\toks20

("C:\Users\brem_vv\AppData\Local\Programs\MiKTeX 2.9\tex\latex\csquotes\csquotes.def"
File: csquotes.def 2018/04/13 v5.2d csquotes generic definitions (JAW)
)
Package csquotes Info: Trying to load configuration file 'csquotes.cfg'...
Package csquotes Info: ... configuration file loaded successfully.

("C:\Users\brem_vv\AppData\Local\Programs\MiKTeX 2.9\tex\latex\csquotes\csquotes.cfg"
File: csquotes.cfg 
)
Package csquotes Info: Option 'babel' depreciated.
(csquotes)             Using 'autostyle'.
Package csquotes Info: Enabling multilingual quotes.
Package csquotes Info: Redefining alias 'german' -> 'german/quotes'.
)
("C:\Users\brem_vv\AppData\Local\Programs\MiKTeX 2.9\tex\latex\setspace\setspace.sty"
Package: setspace 2011/12/19 v6.7a set line spacing
)
("C:\Users\brem_vv\AppData\Local\Programs\MiKTeX 2.9\tex\latex\koma-script\scrpage2.sty"
Package: scrpage2 2018/03/30 v3.25 KOMA-Script package (page head and foot)


Package scrpage2 Warning: usage of obsolete package!
(scrpage2)                Package `scrpage2' is obsolete.
(scrpage2)                You should not longer use package `scrpage2'.
(scrpage2)                You should replace usage of package `scrpage2'
(scrpage2)                by `scrlayer-scrpage' on input line 52.

LaTeX Info: Redefining \pagemark on input line 180.
) ("C:\Users\brem_vv\AppData\Local\Programs\MiKTeX 2.9\tex\latex\graphics\color.sty"
Package: color 2016/07/10 v1.1e Standard LaTeX Color (DPC)

("C:\Users\brem_vv\AppData\Local\Programs\MiKTeX 2.9\tex\latex\graphics-cfg\color.cfg"
File: color.cfg 2016/01/02 v1.6 sample color configuration
)
Package color Info: Driver file: pdftex.def on input line 147.

("C:\Users\brem_vv\AppData\Local\Programs\MiKTeX 2.9\tex\latex\graphics-def\pdftex.def"
File: pdftex.def 2018/01/08 v1.0l Graphics/color driver for pdftex
))
("C:\Users\brem_vv\AppData\Local\Programs\MiKTeX 2.9\tex\latex\url\url.sty"
\Urlmuskip=\muskip10
Package: url 2013/09/16  ver 3.4  Verb mode for urls, etc.
)
("C:\Users\brem_vv\AppData\Local\Programs\MiKTeX 2.9\tex\latex\hyperref\hyperref.sty"
Package: hyperref 2018/09/30 v6.88a Hypertext links for LaTeX

("C:\Users\brem_vv\AppData\Local\Programs\MiKTeX 2.9\tex\generic\oberdiek\hobsub-hyperref.sty"
Package: hobsub-hyperref 2016/05/16 v1.14 Bundle oberdiek, subset hyperref (HO)

("C:\Users\brem_vv\AppData\Local\Programs\MiKTeX 2.9\tex\generic\oberdiek\hobsub-generic.sty"
Package: hobsub-generic 2016/05/16 v1.14 Bundle oberdiek, subset generic (HO)
Package: hobsub 2016/05/16 v1.14 Construct package bundles (HO)
Package hobsub Info: Skipping package `infwarerr' (already loaded).
Package hobsub Info: Skipping package `ltxcmds' (already loaded).
Package hobsub Info: Skipping package `ifluatex' (already loaded).
Package hobsub Info: Skipping package `ifvtex' (already loaded).
Package: intcalc 2016/05/16 v1.2 Expandable calculations with integers (HO)
Package hobsub Info: Skipping package `ifpdf' (already loaded).
Package hobsub Info: Skipping package `etexcmds' (already loaded).
Package hobsub Info: Skipping package `kvsetkeys' (already loaded).
Package: kvdefinekeys 2016/05/16 v1.4 Define keys (HO)
Package: pdftexcmds 2018/09/10 v0.29 Utility functions of pdfTeX for LuaTeX (HO)
Package pdftexcmds Info: LuaTeX not detected.
Package pdftexcmds Info: \pdf@primitive is available.
Package pdftexcmds Info: \pdf@ifprimitive is available.
Package pdftexcmds Info: \pdfdraftmode found.
Package: pdfescape 2016/05/16 v1.14 Implements pdfTeX's escape features (HO)
Package: bigintcalc 2016/05/16 v1.4 Expandable calculations on big integers (HO)
Package: bitset 2016/05/16 v1.2 Handle bit-vector datatype (HO)
Package: uniquecounter 2016/05/16 v1.3 Provide unlimited unique counter (HO)
)
Package hobsub Info: Skipping package `hobsub' (already loaded).
Package: letltxmacro 2016/05/16 v1.5 Let assignment for LaTeX macros (HO)
Package: hopatch 2016/05/16 v1.3 Wrapper for package hooks (HO)
Package: xcolor-patch 2016/05/16 xcolor patch
Package: atveryend 2016/05/16 v1.9 Hooks at the very end of document (HO)
Package: atbegshi 2016/06/09 v1.18 At begin shipout hook (HO)
Package: refcount 2016/05/16 v3.5 Data extraction from label references (HO)
Package: hycolor 2016/05/16 v1.8 Color options for hyperref/bookmark (HO)
)
("C:\Users\brem_vv\AppData\Local\Programs\MiKTeX 2.9\tex\latex\oberdiek\auxhook.sty"
Package: auxhook 2016/05/16 v1.4 Hooks for auxiliary files (HO)
)
\@linkdim=\dimen132
\Hy@linkcounter=\count115
\Hy@pagecounter=\count116

("C:\Users\brem_vv\AppData\Local\Programs\MiKTeX 2.9\tex\latex\hyperref\pd1enc.def"
File: pd1enc.def 2018/09/30 v6.88a Hyperref: PDFDocEncoding definition (HO)
Now handling font encoding PD1 ...
... no UTF-8 mapping file for font encoding PD1
)
\Hy@SavedSpaceFactor=\count117

("C:\Users\brem_vv\AppData\Local\Programs\MiKTeX 2.9\tex\latex\00miktex\hyperref.cfg"
File: hyperref.cfg 2002/06/06 v1.2 hyperref configuration of TeXLive
)
Package hyperref Info: Hyper figures OFF on input line 4535.
Package hyperref Info: Link nesting OFF on input line 4540.
Package hyperref Info: Hyper index ON on input line 4543.
Package hyperref Info: Plain pages OFF on input line 4550.
Package hyperref Info: Backreferencing OFF on input line 4555.
Package hyperref Info: Implicit mode ON; LaTeX internals redefined.
Package hyperref Info: Bookmarks ON on input line 4788.
\c@Hy@tempcnt=\count118
LaTeX Info: Redefining \url on input line 5141.
\XeTeXLinkMargin=\dimen133
\Fld@menulength=\count119
\Field@Width=\dimen134
\Fld@charsize=\dimen135
Package hyperref Info: Hyper figures OFF on input line 6396.
Package hyperref Info: Link nesting OFF on input line 6401.
Package hyperref Info: Hyper index ON on input line 6404.
Package hyperref Info: backreferencing OFF on input line 6411.
Package hyperref Info: Link coloring OFF on input line 6416.
Package hyperref Info: Link coloring with OCG OFF on input line 6421.
Package hyperref Info: PDF/A mode OFF on input line 6426.
LaTeX Info: Redefining \ref on input line 6466.
LaTeX Info: Redefining \pageref on input line 6470.
\Hy@abspage=\count120
\c@Item=\count121
\c@Hfootnote=\count122
)
Package hyperref Info: Driver: hpdftex.

("C:\Users\brem_vv\AppData\Local\Programs\MiKTeX 2.9\tex\latex\hyperref\hpdftex.def"
File: hpdftex.def 2018/09/30 v6.88a Hyperref driver for pdfTeX
\Fld@listcount=\count123
\c@bookmark@seq@number=\count124

("C:\Users\brem_vv\AppData\Local\Programs\MiKTeX 2.9\tex\latex\oberdiek\rerunfilecheck.sty"
Package: rerunfilecheck 2016/05/16 v1.8 Rerun checks for auxiliary files (HO)
Package uniquecounter Info: New unique counter `rerunfilecheck' on input line 282.
)
\Hy@SectionHShift=\skip59
)
Package hyperref Info: Option `colorlinks' set `true' on input line 101.

("C:\Users\brem_vv\AppData\Local\Programs\MiKTeX 2.9\tex\latex\amsmath\amsmath.sty"
Package: amsmath 2017/09/02 v2.17a AMS math features
\@mathmargin=\skip60

For additional information on amsmath, use the `?' option.
("C:\Users\brem_vv\AppData\Local\Programs\MiKTeX 2.9\tex\latex\amsmath\amstext.sty"
Package: amstext 2000/06/29 v2.01 AMS text

("C:\Users\brem_vv\AppData\Local\Programs\MiKTeX 2.9\tex\latex\amsmath\amsgen.sty"
File: amsgen.sty 1999/11/30 v2.0 generic functions
\@emptytoks=\toks21
\ex@=\dimen136
))
("C:\Users\brem_vv\AppData\Local\Programs\MiKTeX 2.9\tex\latex\amsmath\amsbsy.sty"
Package: amsbsy 1999/11/29 v1.2d Bold Symbols
\pmbraise@=\dimen137
)
("C:\Users\brem_vv\AppData\Local\Programs\MiKTeX 2.9\tex\latex\amsmath\amsopn.sty"
Package: amsopn 2016/03/08 v2.02 operator names
)
\inf@bad=\count125
LaTeX Info: Redefining \frac on input line 213.
\uproot@=\count126
\leftroot@=\count127
LaTeX Info: Redefining \overline on input line 375.
\classnum@=\count128
\DOTSCASE@=\count129
LaTeX Info: Redefining \ldots on input line 472.
LaTeX Info: Redefining \dots on input line 475.
LaTeX Info: Redefining \cdots on input line 596.
\Mathstrutbox@=\box30
\strutbox@=\box31
\big@size=\dimen138
LaTeX Font Info:    Redeclaring font encoding OML on input line 712.
LaTeX Font Info:    Redeclaring font encoding OMS on input line 713.
\macc@depth=\count130
\c@MaxMatrixCols=\count131
\dotsspace@=\muskip11
\c@parentequation=\count132
\dspbrk@lvl=\count133
\tag@help=\toks22
\row@=\count134
\column@=\count135
\maxfields@=\count136
\andhelp@=\toks23
\eqnshift@=\dimen139
\alignsep@=\dimen140
\tagshift@=\dimen141
\tagwidth@=\dimen142
\totwidth@=\dimen143
\lineht@=\dimen144
\@envbody=\toks24
\multlinegap=\skip61
\multlinetaggap=\skip62
\mathdisplay@stack=\toks25
LaTeX Info: Redefining \[ on input line 2817.
LaTeX Info: Redefining \] on input line 2818.
)
("C:\Users\brem_vv\AppData\Local\Programs\MiKTeX 2.9\tex\latex\amsfonts\amssymb.sty"
Package: amssymb 2013/01/14 v3.01 AMS font symbols

("C:\Users\brem_vv\AppData\Local\Programs\MiKTeX 2.9\tex\latex\amsfonts\amsfonts.sty"
Package: amsfonts 2013/01/14 v3.01 Basic AMSFonts support
\symAMSa=\mathgroup4
\symAMSb=\mathgroup5
LaTeX Font Info:    Overwriting math alphabet `\mathfrak' in version `bold'
(Font)                  U/euf/m/n --> U/euf/b/n on input line 106.
))
("C:\Users\brem_vv\AppData\Local\Programs\MiKTeX 2.9\tex\latex\units\units.sty"
Package: units 1998/08/04 v0.9b Typesetting units

("C:\Users\brem_vv\AppData\Local\Programs\MiKTeX 2.9\tex\latex\base\ifthen.sty"
Package: ifthen 2014/09/29 v1.1c Standard LaTeX ifthen package (DPC)
)
("C:\Users\brem_vv\AppData\Local\Programs\MiKTeX 2.9\tex\latex\units\nicefrac.sty"
Package: nicefrac 1998/08/04 v0.9b Nice fractions
\L@UnitsRaiseDisplaystyle=\skip63
\L@UnitsRaiseTextstyle=\skip64
\L@UnitsRaiseScriptstyle=\skip65
))
("C:\Users\brem_vv\AppData\Local\Programs\MiKTeX 2.9\tex\latex\natbib\natbib.sty"
Package: natbib 2010/09/13 8.31b (PWD, AO)
\bibhang=\skip66
\bibsep=\skip67
LaTeX Info: Redefining \cite on input line 694.
\c@NAT@ctr=\count137
)
("C:\Users\brem_vv\AppData\Local\Programs\MiKTeX 2.9\tex\latex\acronym\acronym.sty"
Package: acronym 2015/03/21 v1.41 Support for acronyms (Tobias Oetiker)

("C:\Users\brem_vv\AppData\Local\Programs\MiKTeX 2.9\tex\latex\bigfoot\suffix.sty"
Package: suffix 2006/07/15 1.5a Variant command support
)
("C:\Users\brem_vv\AppData\Local\Programs\MiKTeX 2.9\tex\latex\xstring\xstring.sty"
("C:\Users\brem_vv\AppData\Local\Programs\MiKTeX 2.9\tex\generic\xstring\xstring.tex"
\@xs@message=\write3
\integerpart=\count138
\decimalpart=\count139
)
Package: xstring 2013/10/13  v1.7c  String manipulations (C Tellechea)
)
\AC@clearlist=\toks26
)
("C:\Users\brem_vv\AppData\Local\Programs\MiKTeX 2.9\tex\latex\multirow\multirow.sty"
Package: multirow 2018/08/03 v2.3 Span multiple rows of a table
\multirow@colwidth=\skip68
\multirow@cntb=\count140
\multirow@dima=\skip69
\bigstrutjot=\dimen145
)
("C:\Users\brem_vv\AppData\Local\Programs\MiKTeX 2.9\tex\latex\tools\longtable.sty"
Package: longtable 2014/10/28 v4.11 Multi-page Table package (DPC)
\LTleft=\skip70
\LTright=\skip71
\LTpre=\skip72
\LTpost=\skip73
\LTchunksize=\count141
\LTcapwidth=\dimen146
\LT@head=\box32
\LT@firsthead=\box33
\LT@foot=\box34
\LT@lastfoot=\box35
\LT@cols=\count142
\LT@rows=\count143
\c@LT@tables=\count144
\c@LT@chunks=\count145
\LT@p@ftn=\toks27
)
Class scrartcl Info: longtable captions redefined on input line 121.

("C:\Users\brem_vv\AppData\Local\Programs\MiKTeX 2.9\tex\latex\base\makeidx.sty"
Package: makeidx 2014/09/29 v1.0m Standard LaTeX package
)
\@indexfile=\write4
\openout4 = `LaTeX.idx'.


Writing index file LaTeX.idx
("C:\Users\brem_vv\AppData\Local\Programs\MiKTeX 2.9\tex\latex\graphics\graphics.sty"
Package: graphics 2017/06/25 v1.2c Standard LaTeX Graphics (DPC,SPQR)

("C:\Users\brem_vv\AppData\Local\Programs\MiKTeX 2.9\tex\latex\graphics\trig.sty"
Package: trig 2016/01/03 v1.10 sin cos tan (DPC)
)
("C:\Users\brem_vv\AppData\Local\Programs\MiKTeX 2.9\tex\latex\graphics-cfg\graphics.cfg"
File: graphics.cfg 2016/06/04 v1.11 sample graphics configuration
)
Package graphics Info: Driver file: pdftex.def on input line 99.
)
("C:\Users\brem_vv\AppData\Local\Programs\MiKTeX 2.9\tex\latex\subfigure\subfigure.sty"
Package: subfigure 2002/07/30 v2.1.4 subfigure package
\subfigtopskip=\skip74
\subfigcapskip=\skip75
\subfigcaptopadj=\dimen147
\subfigbottomskip=\skip76
\subfigcapmargin=\dimen148
\subfiglabelskip=\skip77
\c@subfigure=\count146
\c@lofdepth=\count147
\c@subtable=\count148
\c@lotdepth=\count149

****************************************
* Local config file subfigure.cfg used *
****************************************
("C:\Users\brem_vv\AppData\Local\Programs\MiKTeX 2.9\tex\latex\subfigure\subfigure.cfg")
\subfig@top=\skip78
\subfig@bottom=\skip79
)
("C:\Users\brem_vv\AppData\Local\Programs\MiKTeX 2.9\tex\latex\pdfpages\pdfpages.sty"
Package: pdfpages 2017/10/31 v0.5l Insert pages of external PDF documents (AM)

("C:\Users\brem_vv\AppData\Local\Programs\MiKTeX 2.9\tex\latex\tools\calc.sty"
Package: calc 2017/05/25 v4.3 Infix arithmetic (KKT,FJ)
\calc@Acount=\count150
\calc@Bcount=\count151
\calc@Adimen=\dimen149
\calc@Bdimen=\dimen150
\calc@Askip=\skip80
\calc@Bskip=\skip81
LaTeX Info: Redefining \setlength on input line 80.
LaTeX Info: Redefining \addtolength on input line 81.
\calc@Ccount=\count152
\calc@Cskip=\skip82
)
("C:\Users\brem_vv\AppData\Local\Programs\MiKTeX 2.9\tex\latex\eso-pic\eso-pic.sty"
Package: eso-pic 2018/04/12 v2.0h eso-pic (RN)
)
("C:\Users\brem_vv\AppData\Local\Programs\MiKTeX 2.9\tex\latex\graphics\graphicx.sty"
Package: graphicx 2017/06/01 v1.1a Enhanced LaTeX Graphics (DPC,SPQR)
\Gin@req@height=\dimen151
\Gin@req@width=\dimen152
)
\AM@pagewidth=\dimen153
\AM@pageheight=\dimen154

("C:\Users\brem_vv\AppData\Local\Programs\MiKTeX 2.9\tex\latex\pdfpages\pppdftex.def"
File: pppdftex.def 2017/10/31 v0.5l Pdfpages driver for pdfTeX (AM)
)
\AM@pagebox=\box36
\AM@global@opts=\toks28
\AM@toc@title=\toks29
\c@AM@survey=\count153
\AM@templatesizebox=\box37
))
("C:\Users\brem_vv\AppData\Local\Programs\MiKTeX 2.9\tex\latex\microtype\microtype.sty"
Package: microtype 2018/01/14 v2.7a Micro-typographical refinements (RS)
\MT@toks=\toks30
\MT@count=\count154
LaTeX Info: Redefining \textls on input line 793.
\MT@outer@kern=\dimen155
LaTeX Info: Redefining \textmicrotypecontext on input line 1339.
\MT@listname@count=\count155

("C:\Users\brem_vv\AppData\Local\Programs\MiKTeX 2.9\tex\latex\microtype\microtype-pdftex.def"
File: microtype-pdftex.def 2018/01/14 v2.7a Definitions specific to pdftex (RS)
LaTeX Info: Redefining \lsstyle on input line 913.
LaTeX Info: Redefining \lslig on input line 913.
\MT@outer@space=\skip83
)
Package microtype Info: Loading configuration file microtype.cfg.

("C:\Users\brem_vv\AppData\Local\Programs\MiKTeX 2.9\tex\latex\microtype\microtype.cfg"
File: microtype.cfg 2018/01/14 v2.7a microtype main configuration file (RS)
))
Package csquotes Info: Checking for multilingual support...
Package csquotes Info: ... found 'babel' package.
 (LaTeX.aux
(Aufgabenstellung_Dummy.aux) (Sperrklausel.aux) (Eid.aux) (Abstract.aux) (Abbildungsverzeichnis.aux)
(Tabellenverzeichnis.aux) (Abkuerzungsverzeichnis.aux) (Symbolverzeichnis.aux) (Einleitung.aux) (StandderTechnik.aux)
(Anforderungen.aux) (Software-Tool.aux) (Evaluation.aux) (Zusammenfassung.aux) (Anhang.aux))
\openout1 = `LaTeX.aux'.

LaTeX Font Info:    Checking defaults for OML/cmm/m/it on input line 3.
LaTeX Font Info:    ... okay on input line 3.
LaTeX Font Info:    Checking defaults for T1/cmr/m/n on input line 3.
LaTeX Font Info:    ... okay on input line 3.
LaTeX Font Info:    Checking defaults for OT1/cmr/m/n on input line 3.
LaTeX Font Info:    ... okay on input line 3.
LaTeX Font Info:    Checking defaults for OMS/cmsy/m/n on input line 3.
LaTeX Font Info:    ... okay on input line 3.
LaTeX Font Info:    Checking defaults for OMX/cmex/m/n on input line 3.
LaTeX Font Info:    ... okay on input line 3.
LaTeX Font Info:    Checking defaults for U/cmr/m/n on input line 3.
LaTeX Font Info:    ... okay on input line 3.
LaTeX Font Info:    Checking defaults for PD1/pdf/m/n on input line 3.
LaTeX Font Info:    ... okay on input line 3.

*geometry* detected driver: pdftex
*geometry* verbose mode - [ preamble ] result:
* driver: pdftex
* paper: a4paper
* layout: <same size as paper>
* layoutoffset:(h,v)=(0.0pt,0.0pt)
* modes: includehead includefoot 
* h-part:(L,W,R)=(85.35826pt, 426.79135pt, 85.35826pt)
* v-part:(T,H,B)=(71.13188pt, 702.78308pt, 71.13188pt)
* \paperwidth=597.50787pt
* \paperheight=845.04684pt
* \textwidth=426.79135pt
* \textheight=612.15808pt
* \oddsidemargin=13.08827pt
* \evensidemargin=13.08827pt
* \topmargin=-1.1381pt
* \headheight=19.794pt
* \headsep=21.75pt
* \topskip=12.0pt
* \footskip=50.75pt
* \marginparwidth=49.79233pt
* \marginparsep=12.8401pt
* \columnsep=10.0pt
* \skip\footins=10.8pt plus 4.0pt minus 2.0pt
* \hoffset=0.0pt
* \voffset=0.0pt
* \mag=1000
* \@twocolumnfalse
* \@twosidefalse
* \@mparswitchfalse
* \@reversemarginfalse
* (1in=72.27pt=25.4mm, 1cm=28.453pt)

("C:\Users\brem_vv\AppData\Local\Programs\MiKTeX 2.9\tex\context\base\supp-pdf.mkii"
[Loading MPS to PDF converter (version 2006.09.02).]
\scratchcounter=\count156
\scratchdimen=\dimen156
\scratchbox=\box38
\nofMPsegments=\count157
\nofMParguments=\count158
\everyMPshowfont=\toks31
\MPscratchCnt=\count159
\MPscratchDim=\dimen157
\MPnumerator=\count160
\makeMPintoPDFobject=\count161
\everyMPtoPDFconversion=\toks32
) ("C:\Users\brem_vv\AppData\Local\Programs\MiKTeX 2.9\tex\latex\oberdiek\epstopdf-base.sty"
Package: epstopdf-base 2016/05/15 v2.6 Base part for package epstopdf

("C:\Users\brem_vv\AppData\Local\Programs\MiKTeX 2.9\tex\latex\oberdiek\grfext.sty"
Package: grfext 2016/05/16 v1.2 Manage graphics extensions (HO)
)
Package epstopdf-base Info: Redefining graphics rule for `.eps' on input line 438.
Package grfext Info: Graphics extension search list:
(grfext)             [.pdf,.png,.jpg,.mps,.jpeg,.jbig2,.jb2,.PDF,.PNG,.JPG,.JPEG,.JBIG2,.JB2,.eps]
(grfext)             \AppendGraphicsExtensions on input line 456.
)
\AtBeginShipoutBox=\box39
Package hyperref Info: Link coloring ON on input line 3.

("C:\Users\brem_vv\AppData\Local\Programs\MiKTeX 2.9\tex\latex\hyperref\nameref.sty"
Package: nameref 2016/05/21 v2.44 Cross-referencing by name of section

("C:\Users\brem_vv\AppData\Local\Programs\MiKTeX 2.9\tex\generic\oberdiek\gettitlestring.sty"
Package: gettitlestring 2016/05/16 v1.5 Cleanup title references (HO)
)
\c@section@level=\count162
)
LaTeX Info: Redefining \ref on input line 3.
LaTeX Info: Redefining \pageref on input line 3.
LaTeX Info: Redefining \nameref on input line 3.
 (LaTeX.out) (LaTeX.out)
\@outlinefile=\write5
\openout5 = `LaTeX.out'.


("C:\Users\brem_vv\AppData\Local\Programs\MiKTeX 2.9\tex\latex\oberdiek\pdflscape.sty"
Package: pdflscape 2016/05/14 v0.11 Display of landscape pages in PDF (HO)

("C:\Users\brem_vv\AppData\Local\Programs\MiKTeX 2.9\tex\latex\graphics\lscape.sty"
Package: lscape 2000/10/22 v3.01 Landscape Pages (DPC)
))
LaTeX Info: Redefining \microtypecontext on input line 3.
Package microtype Info: Generating PDF output.
Package microtype Info: Character protrusion enabled (level 2).
Package microtype Info: Using default protrusion set `alltext'.
Package microtype Info: Automatic font expansion enabled (level 2),
(microtype)             stretch: 20, shrink: 20, step: 1, non-selected.
Package microtype Info: Using default expansion set `basictext'.
Package microtype Info: No adjustment of tracking.
Package microtype Info: No adjustment of interword spacing.
Package microtype Info: No adjustment of character kerning.

("C:\Users\brem_vv\AppData\Local\Programs\MiKTeX 2.9\tex\latex\microtype\mt-cmr.cfg"
File: mt-cmr.cfg 2013/05/19 v2.2 microtype config. file: Computer Modern Roman (RS)
)
<pics/Logo_Deckblatt.pdf, id=107, 648.67331pt x 117.45882pt>
File: pics/Logo_Deckblatt.pdf Graphic file (type pdf)
<use pics/Logo_Deckblatt.pdf>
Package pdftex.def Info: pics/Logo_Deckblatt.pdf  used on input line 6.
(pdftex.def)             Requested size: 426.79135pt x 77.28288pt.
Package microtype Info: Loading generic protrusion settings for font family
(microtype)             `cmss' (encoding: OT1).
(microtype)             For optimal results, create family-specific settings.
(microtype)             See the microtype manual for details.

Underfull \hbox (badness 10000) in paragraph at lines 31--35

 []

[1

{C:/Users/brem_vv/AppData/Local/MiKTeX/2.9/pdftex/config/pdftex.map} <./pics/Logo_Deckblatt.pdf>] [2]
\openout2 = `Aufgabenstellung_Dummy.aux'.


(Aufgabenstellung_Dummy.tex) [3

]
\openout2 = `Sperrklausel.aux'.

 (Sperrklausel.tex)
LaTeX Font Info:    Try loading font information for U+msa on input line 42.

("C:\Users\brem_vv\AppData\Local\Programs\MiKTeX 2.9\tex\latex\amsfonts\umsa.fd"
File: umsa.fd 2013/01/14 v3.01 AMS symbols A
)
("C:\Users\brem_vv\AppData\Local\Programs\MiKTeX 2.9\tex\latex\microtype\mt-msa.cfg"
File: mt-msa.cfg 2006/02/04 v1.1 microtype config. file: AMS symbols (a) (RS)
)
LaTeX Font Info:    Try loading font information for U+msb on input line 42.

("C:\Users\brem_vv\AppData\Local\Programs\MiKTeX 2.9\tex\latex\amsfonts\umsb.fd"
File: umsb.fd 2013/01/14 v3.01 AMS symbols B
)
("C:\Users\brem_vv\AppData\Local\Programs\MiKTeX 2.9\tex\latex\microtype\mt-msb.cfg"
File: mt-msb.cfg 2005/06/01 v1.0 microtype config. file: AMS symbols (b) (RS)
) [4


]
\openout2 = `Eid.aux'.

 (Eid.tex
Overfull \hbox (40.51935pt too wide) in paragraph at lines 5--9
[][] 
 []


Overfull \hbox (35.42747pt too wide) in paragraph at lines 2--10
\OT1/cmr/m/n/12 (-20) Ich ver-si-che-re an Ei-des statt, dass ich die vor-lie-gen-de Ba-che-lor/Master/Studien/Projektar
beit
 []

) [5


]
\openout2 = `Abstract.aux'.

 (Abstract.tex) [6


]
Package tocbasic Info: character protrusion at toc deactivated on input line 46.
 (LaTeX.toc)
\tf@toc=\write6
\openout6 = `LaTeX.toc'.

 [7

] [8]
\openout2 = `Abbildungsverzeichnis.aux'.

 (Abbildungsverzeichnis.tex
Package tocbasic Info: character protrusion at lof deactivated on input line 1.
 (LaTeX.lof)
\tf@lof=\write7
\openout7 = `LaTeX.lof'.

) [9

]
\openout2 = `Tabellenverzeichnis.aux'.

 (Tabellenverzeichnis.tex
Package tocbasic Info: character protrusion at lot deactivated on input line 1.

(LaTeX.lot)
\tf@lot=\write8
\openout8 = `LaTeX.lot'.

) [10


]
\openout2 = `Abkuerzungsverzeichnis.aux'.

 (Abkuerzungsverzeichnis.tex) [11


]
\openout2 = `Symbolverzeichnis.aux'.

 (Symbolverzeichnis.tex) [12


]
\openout2 = `Einleitung.aux'.

 (Einleitung.tex)pdfTeX warning (ext4): destination with the same identifier (name{page.1}) has been already used, dupli
cate ignored
<to be read again> 
                   \relax 
l.55 \include{Einleitung}
                          [1


]
\openout2 = `StandderTechnik.aux'.

 (StandderTechnik.texpdfTeX warning (ext4): destination with the same identifier (name{page.2}) has been already used, d
uplicate ignored
<to be read again> 
                   \relax 
l.19 \begin{equation}
                      [2


]
<pics/Position_Ultraschall.pdf, id=278, 845.55902pt x 598.03424pt>
File: pics/Position_Ultraschall.pdf Graphic file (type pdf)
<use pics/Position_Ultraschall.pdf>
Package pdftex.def Info: pics/Position_Ultraschall.pdf  used on input line 26.
(pdftex.def)             Requested size: 256.07741pt x 142.44957pt.
pdfTeX warning (ext4): destination with the same identifier (name{page.3}) has been already used, duplicate ignored
<to be read again> 
                   \relax 
l.50 
      [3 <./pics/Position_Ultraschall.pdf>]
<pics/Radarsignale.pdf, id=306, page=1, 722.7pt x 542.025pt>
File: pics/Radarsignale.pdf Graphic file (type pdf)
<use pics/Radarsignale.pdf, page 1>
Package pdftex.def Info: pics/Radarsignale.pdf , page1 used on input line 60.
(pdftex.def)             Requested size: 204.85802pt x 145.99896pt.
<pics/RadarSignale.pdf, id=308, page=2, 722.7pt x 542.025pt>
File: pics/RadarSignale.pdf Graphic file (type pdf)
<use pics/RadarSignale.pdf, page 2>
Package pdftex.def Info: pics/RadarSignale.pdf , page2 used on input line 61.
(pdftex.def)             Requested size: 204.85802pt x 145.99896pt.

Overfull \hbox (9.98007pt too wide) in paragraph at lines 66--67
[]\OT1/cmr/m/n/12 (-20) Das Dau-er-strichra-dar er-zeugt durch die kon-ti-nu-ier-li-che und ram-penf[]ormige Ver[]anderu
ng
 []

[4 <./pics/Radarsignale.pdf> <./pics/RadarSignale.pdf>] [5]
<pics/RadarFoV.pdf, id=356, page=1, 722.7pt x 542.025pt>
File: pics/RadarFoV.pdf Graphic file (type pdf)
<use pics/RadarFoV.pdf, page 1>
Package pdftex.def Info: pics/RadarFoV.pdf , page1 used on input line 102.
(pdftex.def)             Requested size: 170.71393pt x 157.40398pt.
<pics/RadarFoV.pdf, id=358, page=2, 722.7pt x 542.025pt>
File: pics/RadarFoV.pdf Graphic file (type pdf)
<use pics/RadarFoV.pdf, page 2>
Package pdftex.def Info: pics/RadarFoV.pdf , page2 used on input line 103.
(pdftex.def)             Requested size: 170.71393pt x 157.40398pt.
 [6 <./pics/RadarFoV.pdf> <./pics/RadarFoV.pdf>]

LaTeX Warning: Command \ss invalid in math mode on input line 116.


LaTeX Warning: Command \ss invalid in math mode on input line 118.

[7] [8]
<pics/Datenverarbeitung.pdf, id=411, 845.55902pt x 598.03424pt>
File: pics/Datenverarbeitung.pdf Graphic file (type pdf)
<use pics/Datenverarbeitung.pdf>
Package pdftex.def Info: pics/Datenverarbeitung.pdf  used on input line 177.
(pdftex.def)             Requested size: 426.79135pt x 108.30168pt.
<pics/RegionGrowingVSLinie.PNG, id=417, 635.37375pt x 476.53032pt>
File: pics/RegionGrowingVSLinie.PNG Graphic file (type png)
<use pics/RegionGrowingVSLinie.PNG>
Package pdftex.def Info: pics/RegionGrowingVSLinie.PNG  used on input line 192.
(pdftex.def)             Requested size: 256.07741pt x 192.063pt.


LaTeX Warning: `h' float specifier changed to `ht'.

[9 <./pics/Datenverarbeitung.pdf>]
<pics/Gradientenverfahren.PNG, id=436, 591.71063pt x 271.0125pt>
File: pics/Gradientenverfahren.PNG Graphic file (type png)
<use pics/Gradientenverfahren.PNG>
Package pdftex.def Info: pics/Gradientenverfahren.PNG  used on input line 201.
(pdftex.def)             Requested size: 256.07741pt x 117.28986pt.
 [10 <./pics/RegionGrowingVSLinie.PNG> <./pics/Gradientenverfahren.PNG>] [11]
<pics/Fusionsansaetze.pdf, id=457, 845.55902pt x 598.03424pt>
File: pics/Fusionsansaetze.pdf Graphic file (type pdf)
<use pics/Fusionsansaetze.pdf>
Package pdftex.def Info: pics/Fusionsansaetze.pdf  used on input line 251.
(pdftex.def)             Requested size: 256.07741pt x 152.02815pt.


LaTeX Warning: `h' float specifier changed to `ht'.

[12]
<pics/ImpliziteFusion.PNG, id=467, 926.71219pt x 418.56375pt>
File: pics/ImpliziteFusion.PNG Graphic file (type png)
<use pics/ImpliziteFusion.PNG>
Package pdftex.def Info: pics/ImpliziteFusion.PNG  used on input line 262.
(pdftex.def)             Requested size: 384.1096pt x 173.48994pt.
 [13 <./pics/Fusionsansaetze.pdf> <./pics/ImpliziteFusion.PNG>]
<pics/ExpliziteFusion.PNG, id=496, 907.13907pt x 350.05782pt>
File: pics/ExpliziteFusion.PNG Graphic file (type png)
<use pics/ExpliziteFusion.PNG>
Package pdftex.def Info: pics/ExpliziteFusion.PNG  used on input line 273.
(pdftex.def)             Requested size: 384.1096pt x 148.2251pt.
<pics/Automatisierungsgrade.pdf, id=503, 722.7pt x 542.025pt>
File: pics/Automatisierungsgrade.pdf Graphic file (type pdf)
<use pics/Automatisierungsgrade.pdf>
Package pdftex.def Info: pics/Automatisierungsgrade.pdf  used on input line 288.
(pdftex.def)             Requested size: 341.43437pt x 256.07507pt.
 [14 <./pics/ExpliziteFusion.PNG>]
<pics/Fahrzeugsensoren.pdf, id=513, 963.6pt x 542.025pt>
File: pics/Fahrzeugsensoren.pdf Graphic file (type pdf)
<use pics/Fahrzeugsensoren.pdf>
Package pdftex.def Info: pics/Fahrzeugsensoren.pdf  used on input line 297.
(pdftex.def)             Requested size: 426.79135pt x 248.31854pt.


LaTeX Warning: `h' float specifier changed to `ht'.

[15 <./pics/Automatisierungsgrade.pdf>] [16 <./pics/Fahrzeugsensoren.pdf>]

LaTeX Warning: Float too large for page by 26.8209pt on input line 334.


LaTeX Warning: `h' float specifier changed to `ht'.

<pics/TestsiteAIM.PNG, id=623, 216.20775pt x 195.73125pt>
File: pics/TestsiteAIM.PNG Graphic file (type png)
<use pics/TestsiteAIM.PNG>
Package pdftex.def Info: pics/TestsiteAIM.PNG  used on input line 344.
(pdftex.def)             Requested size: 298.75264pt x 258.34991pt.
[17]
<pics/KooPERTestsite.PNG, id=643, 236.082pt x 348.70274pt>
File: pics/KooPERTestsite.PNG Graphic file (type png)
<use pics/KooPERTestsite.PNG>
Package pdftex.def Info: pics/KooPERTestsite.PNG  used on input line 350.
(pdftex.def)             Requested size: 170.71393pt x 118.41675pt.
File: pics/KooPERTestsite.PNG Graphic file (type png)
<use pics/KooPERTestsite.PNG>
Package pdftex.def Info: pics/KooPERTestsite.PNG  used on input line 351.
(pdftex.def)             Requested size: 170.71393pt x 118.41675pt.

Overfull \hbox (3.73973pt too wide) in paragraph at lines 375--375
[]|\OT1/cmr/m/n/12 (-20) [[]]| 
 []


Underfull \hbox (badness 10000) in paragraph at lines 375--375
[]|\OT1/cmr/m/n/12 (+20) Stellt 76-81GHz Ra-dar zur Ver-
 []


LaTeX Warning: Float too large for page by 21.1835pt on input line 378.

) [18 <./pics/TestsiteAIM.PNG>] [19 <./pics/KooPERTestsite.PNG>] [20] [21]
\openout2 = `Anforderungen.aux'.

 (Anforderungen.tex
LaTeX Font Info:    Try loading font information for OMS+cmr on input line 5.

("C:\Users\brem_vv\AppData\Local\Programs\MiKTeX 2.9\tex\latex\base\omscmr.fd"
File: omscmr.fd 2014/09/29 v2.5h Standard LaTeX font definitions
)
LaTeX Font Info:    Font shape `OMS/cmr/m/n' in size <12> not available
(Font)              Font shape `OMS/cmsy/m/n' tried instead on input line 5.
) [22


]
\openout2 = `Software-Tool.aux'.

 (Software-Tool.tex) [23


]
\openout2 = `Evaluation.aux'.


(Evaluation.tex) [24


]
\openout2 = `Zusammenfassung.aux'.

 (Zusammenfassung.tex) [25


] (LaTeX.bbl
Package microtype Info: Loading generic protrusion settings for font family
(microtype)             `cmtt' (encoding: OT1).
(microtype)             For optimal results, create family-specific settings.
(microtype)             See the microtype manual for details.
 [26

] [27] [28] [29]) [30]
\openout2 = `Anhang.aux'.

 (Anhang.tex) [31

]
Package atveryend Info: Empty hook `BeforeClearDocument' on input line 67.
Package atveryend Info: Empty hook `AfterLastShipout' on input line 67.
 (LaTeX.aux
(Aufgabenstellung_Dummy.aux) (Sperrklausel.aux) (Eid.aux) (Abstract.aux) (Abbildungsverzeichnis.aux)
(Tabellenverzeichnis.aux) (Abkuerzungsverzeichnis.aux) (Symbolverzeichnis.aux) (Einleitung.aux) (StandderTechnik.aux)
(Anforderungen.aux) (Software-Tool.aux) (Evaluation.aux) (Zusammenfassung.aux) (Anhang.aux))
Package atveryend Info: Executing hook `AtVeryEndDocument' on input line 67.
Package atveryend Info: Executing hook `AtEndAfterFileList' on input line 67.
Package rerunfilecheck Info: File `LaTeX.out' has not changed.
(rerunfilecheck)             Checksum: 1B02ED82AA6BFAF715AA07A88E46241A;1691.
 ) 
Here is how much of TeX's memory you used:
 14638 strings out of 492955
 236908 string characters out of 3124928
 518696 words of memory out of 3000000
 17816 multiletter control sequences out of 15000+200000
 16539 words of font info for 116 fonts, out of 3000000 for 9000
 1141 hyphenation exceptions out of 8191
 49i,13n,78p,9101b,641s stack positions out of 5000i,500n,10000p,200000b,50000s
<C:/Users/brem_vv/AppData/Local/Programs/MiKTeX 2.9/fonts/type1/public/amsfonts/cm/cmbx12.pfb><C:/Users/brem_vv/AppDat
a/Local/Programs/MiKTeX 2.9/fonts/type1/public/amsfonts/cm/cmcsc10.pfb><C:/Users/brem_vv/AppData/Local/Programs/MiKTeX 2
.9/fonts/type1/public/amsfonts/cm/cmex10.pfb><C:/Users/brem_vv/AppData/Local/Programs/MiKTeX 2.9/fonts/type1/public/amsf
onts/cm/cmmi12.pfb><C:/Users/brem_vv/AppData/Local/Programs/MiKTeX 2.9/fonts/type1/public/amsfonts/cm/cmmi6.pfb><C:/User
s/brem_vv/AppData/Local/Programs/MiKTeX 2.9/fonts/type1/public/amsfonts/cm/cmmi8.pfb><C:/Users/brem_vv/AppData/Local/Pro
grams/MiKTeX 2.9/fonts/type1/public/amsfonts/cm/cmr10.pfb><C:/Users/brem_vv/AppData/Local/Programs/MiKTeX 2.9/fonts/type
1/public/amsfonts/cm/cmr12.pfb><C:/Users/brem_vv/AppData/Local/Programs/MiKTeX 2.9/fonts/type1/public/amsfonts/cm/cmr8.p
fb><C:/Users/brem_vv/AppData/Local/Programs/MiKTeX 2.9/fonts/type1/public/amsfonts/cm/cmsl12.pfb><C:/Users/brem_vv/AppDa
ta/Local/Programs/MiKTeX 2.9/fonts/type1/public/amsfonts/cm/cmss12.pfb><C:/Users/brem_vv/AppData/Local/Programs/MiKTeX 2
.9/fonts/type1/public/amsfonts/cm/cmss17.pfb><C:/Users/brem_vv/AppData/Local/Programs/MiKTeX 2.9/fonts/type1/public/amsf
onts/cm/cmssbx10.pfb><C:/Users/brem_vv/AppData/Local/Programs/MiKTeX 2.9/fonts/type1/public/amsfonts/cm/cmsy10.pfb><C:/U
sers/brem_vv/AppData/Local/Programs/MiKTeX 2.9/fonts/type1/public/amsfonts/cm/cmsy8.pfb><C:/Users/brem_vv/AppData/Local/
Programs/MiKTeX 2.9/fonts/type1/public/amsfonts/cm/cmti12.pfb><C:/Users/brem_vv/AppData/Local/Programs/MiKTeX 2.9/fonts/
type1/public/amsfonts/cm/cmtt12.pfb>
Output written on LaTeX.pdf (43 pages, 2487700 bytes).
PDF statistics:
 897 PDF objects out of 1000 (max. 8388607)
 152 named destinations out of 1000 (max. 500000)
 17763 words of extra memory for PDF output out of 20736 (max. 10000000)

